\BOOKMARK [0][-]{chapter.1}{\376\377\000I\000n\000t\000r\000o\000d\000u\000c\000t\000i\000o\000n}{}% 1
\BOOKMARK [1][-]{section.1.1}{\376\377\000B\000r\000a\000i\000n\000s\000t\000o\000r\000m\000i\000n\000g\000\040\000a\000n\000d\000\040\000I\000d\000e\000a\000\040\000D\000e\000v\000e\000l\000o\000p\000m\000e\000n\000t}{chapter.1}% 2
\BOOKMARK [2][-]{subsection.1.1.1}{\376\377\000I\000n\000i\000t\000i\000a\000l\000\040\000B\000r\000a\000i\000n\000s\000t\000o\000r\000m\000i\000n\000g\000\040\000S\000e\000s\000s\000i\000o\000n\000s}{section.1.1}% 3
\BOOKMARK [2][-]{subsection.1.1.2}{\376\377\000D\000e\000c\000i\000s\000i\000o\000n\000-\000M\000a\000k\000i\000n\000g\000\040\000P\000r\000o\000c\000e\000s\000s}{section.1.1}% 4
\BOOKMARK [1][-]{section.1.2}{\376\377\000I\000n\000s\000p\000i\000r\000a\000t\000i\000o\000n\000\040\000B\000e\000h\000i\000n\000d\000\040\000W\000A\000N\000A\000S}{chapter.1}% 5
\BOOKMARK [1][-]{section.1.3}{\376\377\000I\000n\000t\000r\000o\000d\000u\000c\000t\000i\000o\000n\000\040\000t\000o\000\040\000W\000A\000N\000A\000S}{chapter.1}% 6
\BOOKMARK [2][-]{subsection.1.3.1}{\376\377\000P\000r\000o\000j\000e\000c\000t\000\040\000O\000v\000e\000r\000v\000i\000e\000w}{section.1.3}% 7
\BOOKMARK [2][-]{subsection.1.3.2}{\376\377\000P\000u\000r\000p\000o\000s\000e\000\040\000a\000n\000d\000\040\000M\000o\000t\000i\000v\000a\000t\000i\000o\000n}{section.1.3}% 8
\BOOKMARK [1][-]{section.1.4}{\376\377\000U\000n\000d\000e\000r\000s\000t\000a\000n\000d\000i\000n\000g\000\040\000t\000h\000e\000\040\000M\000e\000n\000t\000a\000l\000\040\000H\000e\000a\000l\000t\000h\000\040\000C\000r\000i\000s\000i\000s}{chapter.1}% 9
\BOOKMARK [2][-]{subsection.1.4.1}{\376\377\000S\000c\000o\000p\000e\000\040\000o\000f\000\040\000t\000h\000e\000\040\000P\000r\000o\000b\000l\000e\000m}{section.1.4}% 10
\BOOKMARK [2][-]{subsection.1.4.2}{\376\377\000C\000o\000n\000s\000e\000q\000u\000e\000n\000c\000e\000s\000\040\000o\000f\000\040\000U\000n\000t\000r\000e\000a\000t\000e\000d\000\040\000M\000e\000n\000t\000a\000l\000\040\000H\000e\000a\000l\000t\000h\000\040\000I\000s\000s\000u\000e\000s}{section.1.4}% 11
\BOOKMARK [0][-]{chapter.2}{\376\377\000R\000e\000l\000a\000t\000e\000d\000\040\000W\000o\000r\000k}{}% 12
\BOOKMARK [1][-]{section.2.1}{\376\377\000I\000n\000t\000r\000o\000d\000u\000c\000t\000i\000o\000n}{chapter.2}% 13
\BOOKMARK [1][-]{section.2.2}{\376\377\000S\000i\000m\000i\000l\000a\000r\000\040\000A\000p\000p\000s}{chapter.2}% 14
\BOOKMARK [2][-]{subsection.2.2.1}{\376\377\000T\000a\000l\000k\000s\000p\000a\000c\000e}{section.2.2}% 15
\BOOKMARK [2][-]{subsection.2.2.2}{\376\377\000W\000o\000e\000b\000o\000t}{section.2.2}% 16
\BOOKMARK [2][-]{subsection.2.2.3}{\376\377\000W\000y\000s\000a}{section.2.2}% 17
\BOOKMARK [1][-]{section.2.3}{\376\377\000F\000u\000n\000c\000t\000i\000o\000n\000a\000l\000i\000t\000y}{chapter.2}% 18
\BOOKMARK [2][-]{subsection.2.3.1}{\376\377\000W\000y\000s\000a}{section.2.3}% 19
\BOOKMARK [2][-]{subsection.2.3.2}{\376\377\000W\000o\000e\000b\000o\000t}{section.2.3}% 20
\BOOKMARK [2][-]{subsection.2.3.3}{\376\377\000T\000a\000l\000k\000s\000p\000a\000c\000e}{section.2.3}% 21
\BOOKMARK [1][-]{section.2.4}{\376\377\000I\000d\000e\000a\000\040\000I\000n\000s\000p\000i\000r\000a\000t\000i\000o\000n}{chapter.2}% 22
\BOOKMARK [1][-]{section.2.5}{\376\377\000C\000o\000m\000p\000a\000r\000i\000s\000o\000n}{chapter.2}% 23
\BOOKMARK [1][-]{section.2.6}{\376\377\000D\000e\000p\000e\000n\000d\000e\000n\000c\000i\000e\000s}{chapter.2}% 24
\BOOKMARK [1][-]{section.2.7}{\376\377\000T\000e\000c\000h\000n\000i\000c\000a\000l\000\040\000R\000e\000l\000a\000t\000e\000d\000\040\000W\000o\000r\000k}{chapter.2}% 25
\BOOKMARK [1][-]{section.2.8}{\376\377\000R\000e\000l\000e\000v\000a\000n\000t\000\040\000R\000e\000s\000e\000a\000r\000c\000h\000\040\000S\000t\000u\000d\000i\000e\000s}{chapter.2}% 26
\BOOKMARK [0][-]{chapter.3}{\376\377\000\040\000A\000n\000a\000l\000y\000s\000i\000s\000\040\000A\000n\000d\000\040\000D\000e\000s\000i\000g\000n}{}% 27
\BOOKMARK [1][-]{section.3.1}{\376\377\000F\000u\000n\000c\000t\000i\000o\000n\000a\000l\000\040\000R\000e\000q\000u\000i\000r\000e\000m\000e\000n\000t\000s}{chapter.3}% 28
\BOOKMARK [2][-]{subsection.3.1.1}{\376\377\000L\000o\000g\000i\000n\000\040\000a\000n\000d\000\040\000R\000e\000g\000i\000s\000t\000e\000r}{section.3.1}% 29
\BOOKMARK [2][-]{subsection.3.1.2}{\376\377\000C\000h\000a\000t\000\040\000w\000i\000t\000h\000\040\000A\000I}{section.3.1}% 30
\BOOKMARK [2][-]{subsection.3.1.3}{\376\377\000P\000e\000r\000s\000o\000n\000a\000\040\000L\000i\000s\000t}{section.3.1}% 31
\BOOKMARK [2][-]{subsection.3.1.4}{\376\377\000C\000h\000a\000t\000\040\000L\000i\000s\000t}{section.3.1}% 32
\BOOKMARK [2][-]{subsection.3.1.5}{\376\377\000P\000r\000e\000v\000i\000o\000u\000s\000\040\000C\000o\000n\000v\000e\000r\000s\000a\000t\000i\000o\000n\000s}{section.3.1}% 33
\BOOKMARK [2][-]{subsection.3.1.6}{\376\377\000P\000o\000s\000i\000t\000i\000v\000e\000\040\000C\000a\000r\000d}{section.3.1}% 34
\BOOKMARK [2][-]{subsection.3.1.7}{\376\377\000M\000o\000o\000d\000\040\000T\000r\000a\000c\000k\000e\000r}{section.3.1}% 35
\BOOKMARK [1][-]{section.3.2}{\376\377\000N\000o\000n\000-\000F\000u\000n\000c\000t\000i\000o\000n\000a\000l\000\040\000R\000e\000q\000u\000i\000r\000e\000m\000e\000n\000t\000s}{chapter.3}% 36
\BOOKMARK [2][-]{subsection.3.2.1}{\376\377\000S\000e\000c\000u\000r\000i\000t\000y\000\040\000a\000n\000d\000\040\000P\000r\000i\000v\000a\000c\000y}{section.3.2}% 37
\BOOKMARK [2][-]{subsection.3.2.2}{\376\377\000S\000p\000e\000a\000k\000\040\000C\000o\000m\000f\000o\000r\000t\000a\000b\000l\000y}{section.3.2}% 38
\BOOKMARK [2][-]{subsection.3.2.3}{\376\377\000S\000p\000e\000e\000d\000\040\000O\000f\000\040\000R\000e\000s\000p\000o\000n\000s\000e}{section.3.2}% 39
\BOOKMARK [2][-]{subsection.3.2.4}{\376\377\000U\000s\000a\000b\000i\000l\000i\000t\000y\000\040\000a\000n\000d\000\040\000U\000s\000e\000r\000\040\000E\000x\000p\000e\000r\000i\000e\000n\000c\000e}{section.3.2}% 40
\BOOKMARK [1][-]{section.3.3}{\376\377\000I\000m\000p\000l\000e\000m\000e\000n\000t\000a\000t\000i\000o\000n\000\040\000S\000t\000r\000a\000t\000e\000g\000i\000e\000s}{chapter.3}% 41
\BOOKMARK [2][-]{subsection.3.3.1}{\376\377\000C\000r\000o\000s\000s\000-\000P\000l\000a\000t\000f\000o\000r\000m\000\040\000D\000e\000v\000e\000l\000o\000p\000m\000e\000n\000t\000\040\000w\000i\000t\000h\000\040\000F\000l\000u\000t\000t\000e\000r}{section.3.3}% 42
\BOOKMARK [2][-]{subsection.3.3.2}{\376\377\000A\000d\000v\000a\000n\000t\000a\000g\000e\000s\000\040\000o\000f\000\040\000F\000l\000u\000t\000t\000e\000r}{section.3.3}% 43
\BOOKMARK [2][-]{subsection.3.3.3}{\376\377\000p\000r\000o\000g\000r\000a\000m\000m\000i\000n\000g\000\040\000l\000a\000n\000g\000u\000a\000g\000e\000s}{section.3.3}% 44
\BOOKMARK [2][-]{subsection.3.3.4}{\376\377\000S\000e\000r\000v\000e\000r\000-\000S\000i\000d\000e\000\040\000P\000r\000o\000g\000r\000a\000m\000m\000i\000n\000g\000\040\000w\000i\000t\000h\000\040\000G\000o}{section.3.3}% 45
\BOOKMARK [2][-]{subsection.3.3.5}{\376\377\000A\000I\000\040\000a\000n\000d\000\040\000M\000a\000c\000h\000i\000n\000e\000\040\000L\000e\000a\000r\000n\000i\000n\000g\000\040\000w\000i\000t\000h\000\040\000P\000y\000t\000h\000o\000n}{section.3.3}% 46
\BOOKMARK [1][-]{section.3.4}{\376\377\000S\000y\000s\000t\000e\000m\000\040\000a\000n\000a\000l\000y\000s\000i\000s\000\040\000t\000h\000r\000o\000u\000g\000h\000\040\000f\000o\000r\000m\000a\000l\000\040\000d\000i\000a\000g\000r\000a\000m\000s\000\040}{chapter.3}% 47
\BOOKMARK [2][-]{subsection.3.4.1}{\376\377\000W\000i\000r\000e\000f\000r\000a\000m\000e}{section.3.4}% 48
\BOOKMARK [2][-]{subsection.3.4.2}{\376\377\000U\000s\000e\000\040\000C\000a\000s\000e\000\040\000D\000i\000a\000g\000r\000a\000m\000\040}{section.3.4}% 49
\BOOKMARK [2][-]{subsection.3.4.3}{\376\377\000A\000c\000t\000i\000v\000i\000t\000y\000\040\000D\000i\000a\000g\000r\000a\000m\000\040}{section.3.4}% 50
\BOOKMARK [2][-]{subsection.3.4.4}{\376\377\000S\000e\000q\000u\000e\000n\000c\000e\000\040\000D\000i\000a\000g\000r\000a\000m\000\040}{section.3.4}% 51
\BOOKMARK [2][-]{subsection.3.4.5}{\376\377\000C\000l\000a\000s\000s\000\040\000D\000i\000a\000g\000r\000a\000m\000\040}{section.3.4}% 52
\BOOKMARK [0][-]{chapter.4}{\376\377\000A\000I}{}% 53
\BOOKMARK [1][-]{section.4.1}{\376\377\000R\000e\000t\000r\000i\000e\000v\000a\000l\000\040\000a\000u\000g\000m\000e\000n\000t\000e\000d\000\040\000g\000e\000n\000e\000r\000a\000t\000i\000o\000n\000\040\000\050\000R\000A\000G\000\051}{chapter.4}% 54
\BOOKMARK [2][-]{subsection.4.1.1}{\376\377\000S\000e\000l\000e\000c\000t\000i\000n\000g\000\040\000D\000o\000c\000u\000m\000e\000n\000t\000s}{section.4.1}% 55
\BOOKMARK [2][-]{subsection.4.1.2}{\376\377\000C\000h\000u\000n\000k\000i\000n\000g}{section.4.1}% 56
\BOOKMARK [2][-]{subsection.4.1.3}{\376\377\000S\000i\000m\000i\000l\000a\000r\000i\000t\000y\000\040\000S\000e\000a\000r\000c\000h}{section.4.1}% 57
\BOOKMARK [2][-]{subsection.4.1.4}{\376\377\000e\000m\000b\000e\000d\000d\000i\000n\000g\000\040\000i\000n\000\040\000t\000h\000e\000\040\000p\000r\000o\000m\000p\000t}{section.4.1}% 58
\BOOKMARK [2][-]{subsection.4.1.5}{\376\377\000I\000n\000t\000r\000o\000d\000u\000c\000t\000i\000o\000n}{section.4.1}% 59
\BOOKMARK [2][-]{subsection.4.1.6}{\376\377\000S\000e\000l\000e\000c\000t\000i\000n\000g\000\040\000D\000a\000t\000a\000s\000e\000t}{section.4.1}% 60
\BOOKMARK [2][-]{subsection.4.1.7}{\376\377\000P\000r\000e\000p\000r\000o\000c\000e\000s\000s\000i\000n\000g}{section.4.1}% 61
\BOOKMARK [1][-]{section.4.2}{\376\377\000D\000a\000t\000a\000\040\000S\000p\000l\000i\000t\000t\000i\000n\000g}{chapter.4}% 62
\BOOKMARK [1][-]{section.4.3}{\376\377\000S\000e\000l\000e\000c\000t\000i\000n\000g\000\040\000M\000o\000d\000e\000l}{chapter.4}% 63
\BOOKMARK [1][-]{section.4.4}{\376\377\000F\000i\000n\000e\000-\000T\000u\000n\000i\000n\000g}{chapter.4}% 64
\BOOKMARK [1][-]{section.4.5}{\376\377\000T\000r\000a\000i\000n\000i\000n\000g}{chapter.4}% 65
\BOOKMARK [1][-]{section.4.6}{\376\377\000R\000e\000s\000u\000l\000t}{chapter.4}% 66
\BOOKMARK [1][-]{section.4.7}{\376\377\000L\000o\000R\000A\000\040\000a\000n\000d\000\040\000Q\000-\000L\000o\000R\000A}{chapter.4}% 67
\BOOKMARK [1][-]{section.4.8}{\376\377\000L\000o\000R\000A}{chapter.4}% 68
\BOOKMARK [1][-]{section.4.9}{\376\377\000Q\000-\000L\000o\000R\000A}{chapter.4}% 69
\BOOKMARK [1][-]{section.4.10}{\376\377\000G\000P\000U\000\040\000U\000s\000a\000g\000e}{chapter.4}% 70
\BOOKMARK [1][-]{section.4.11}{\376\377\000W\000i\000t\000h\000o\000u\000t\000\040\000Q\000-\000L\000o\000R\000A}{chapter.4}% 71
\BOOKMARK [1][-]{section.4.12}{\376\377\000W\000i\000t\000h\000\040\000Q\000-\000L\000o\000R\000A}{chapter.4}% 72
\BOOKMARK [1][-]{section.4.13}{\376\377\000S\000i\000m\000p\000l\000e\000\040\000E\000x\000a\000m\000p\000l\000e}{chapter.4}% 73
\BOOKMARK [1][-]{section.4.14}{\376\377\000T\000r\000a\000i\000n\000i\000n\000g\000\040\000P\000r\000o\000c\000e\000s\000s}{chapter.4}% 74
\BOOKMARK [1][-]{section.4.15}{\376\377\000D\000e\000t\000a\000i\000l\000\040\000o\000n\000\040\000E\000a\000c\000h\000\040\000S\000t\000e\000p}{chapter.4}% 75
\BOOKMARK [1][-]{section.4.16}{\376\377\000D\000a\000t\000a\000s\000e\000t}{chapter.4}% 76
\BOOKMARK [1][-]{section.4.17}{\376\377\000I\000n\000t\000r\000o\000d\000u\000c\000t\000i\000o\000n}{chapter.4}% 77
\BOOKMARK [1][-]{section.4.18}{\376\377\000E\000m\000o\000t\000i\000o\000n\000\040\000C\000l\000a\000s\000s\000i\000f\000i\000c\000a\000t\000i\000o\000n\000\040\000M\000o\000d\000e\000l\000\040\000F\000o\000r\000\040\000E\000m\000o\000t\000i\000o\000n\000\040\000D\000e\000t\000e\000c\000t\000i\000o\000n}{chapter.4}% 78
\BOOKMARK [2][-]{subsection.4.18.1}{\376\377\000P\000r\000e\000p\000r\000o\000c\000e\000s\000s\000i\000n\000g}{section.4.18}% 79
\BOOKMARK [2][-]{subsection.4.18.2}{\376\377\000T\000e\000x\000t\000\040\000S\000e\000p\000a\000r\000a\000t\000i\000o\000n}{section.4.18}% 80
\BOOKMARK [2][-]{subsection.4.18.3}{\376\377\000D\000e\000t\000a\000i\000l\000e\000d\000\040\000P\000r\000o\000c\000e\000s\000s\000i\000n\000g}{section.4.18}% 81
\BOOKMARK [2][-]{subsection.4.18.4}{\376\377\000N\000e\000w\000\040\000D\000a\000t\000a\000F\000r\000a\000m\000e\000\040\000C\000r\000e\000a\000t\000i\000o\000n}{section.4.18}% 82
\BOOKMARK [2][-]{subsection.4.18.5}{\376\377\000S\000a\000v\000i\000n\000g\000\040\000a\000n\000d\000\040\000L\000o\000a\000d\000i\000n\000g\000\040\000t\000h\000e\000\040\000D\000a\000t\000a\000s\000e\000t}{section.4.18}% 83
\BOOKMARK [1][-]{section.4.19}{\376\377\000W\000h\000y\000\040\000C\000h\000o\000o\000s\000i\000n\000g\000\040\000G\000P\000T\000?}{chapter.4}% 84
\BOOKMARK [1][-]{section.4.20}{\376\377\000M\000o\000d\000e\000l\000\040\000S\000e\000l\000e\000c\000t\000i\000o\000n}{chapter.4}% 85
\BOOKMARK [2][-]{subsection.4.20.1}{\376\377\000F\000i\000r\000s\000t\000\040\000T\000r\000y\000:\000\040\000A\000c\000e\000G\000P\000T\0007\000B}{section.4.20}% 86
\BOOKMARK [2][-]{subsection.4.20.2}{\376\377\000S\000e\000c\000o\000n\000d\000\040\000T\000r\000y\000:\000\040\000A\000c\000e\000G\000P\000T\0001\0003\000B\000-\000C\000h\000a\000t}{section.4.20}% 87
\BOOKMARK [1][-]{section.4.21}{\376\377\000F\000i\000n\000a\000l\000\040\000M\000o\000d\000e\000l\000\040\000C\000h\000o\000i\000c\000e}{chapter.4}% 88
